# JRE version: OpenJDK Runtime Environment Temurin-21.0.9+10 (21.0.9+10) (build 21.0.9+10-LTS)
# Java VM: OpenJDK 64-Bit Server VM Temurin-21.0.9+10 (21.0.9+10-LTS, mixed mode, sharing, tiered, compressed oops, compressed class ptrs, parallel gc, windows-amd64)
GC Precious Log:
 CardTable entry size: 512
 CPUs: 8 total, 8 available
 Memory: 15647M
 Large Page Support: Disabled
 NUMA Support: Disabled
 Compressed Oops: Enabled (32-bit)
 Alignments: Space 512K, Generation 512K, Heap 2M
 Heap Min Capacity: 100M
 Heap Initial Capacity: 100M
 Heap Max Capacity: 2G
 Pre-touch: Disabled
 Parallel Workers: 8
Heap:
 PSYoungGen      total 12800K, used 9994K [0x00000000d5580000, 0x00000000d6400000, 0x0000000100000000)
  eden space 11776K, 80% used [0x00000000d5580000,0x00000000d5eb68d8,0x00000000d6100000)
  from space 1024K, 54% used [0x00000000d6300000,0x00000000d638c030,0x00000000d6400000)
  to   space 1024K, 0% used [0x00000000d6100000,0x00000000d6100000,0x00000000d6200000)
 ParOldGen       total 87552K, used 87112K [0x0000000080000000, 0x0000000085580000, 0x00000000d5580000)
  object space 87552K, 99% used [0x0000000080000000,0x00000000855121e8,0x0000000085580000)
 Metaspace       used 70288K, committed 71872K, reserved 1114112K
  class space    used 7431K, committed 8128K, reserved 1048576K
GC Heap History (20 events):
Event: 53.973 GC heap before
{Heap before GC invocations=78 (full 3):
 PSYoungGen      total 12800K, used 12784K [0x00000000d5580000, 0x00000000d6580000, 0x0000000100000000)
  eden space 11776K, 100% used [0x00000000d5580000,0x00000000d6100000,0x00000000d6100000)
  from space 1024K, 98% used [0x00000000d6300000,0x00000000d63fc030,0x00000000d6400000)
  to   space 2048K, 0% used [0x00000000d6100000,0x00000000d6100000,0x00000000d6300000)
 ParOldGen       total 80896K, used 80658K [0x0000000080000000, 0x0000000084f00000, 0x00000000d5580000)
  object space 80896K, 99% used [0x0000000080000000,0x0000000084ec4ab8,0x0000000084f00000)
 Metaspace       used 65867K, committed 67456K, reserved 1114112K
  class space    used 6836K, committed 7552K, reserved 1048576K
}
Event: 53.976 GC heap after
{Heap after GC invocations=78 (full 3):
 PSYoungGen      total 13312K, used 1312K [0x00000000d5580000, 0x00000000d6400000, 0x0000000100000000)
  eden space 11776K, 0% used [0x00000000d5580000,0x00000000d5580000,0x00000000d6100000)
  from space 1536K, 85% used [0x00000000d6100000,0x00000000d6248020,0x00000000d6280000)
  to   space 1536K, 0% used [0x00000000d6280000,0x00000000d6280000,0x00000000d6400000)
 ParOldGen       total 81408K, used 81226K [0x0000000080000000, 0x0000000084f80000, 0x00000000d5580000)
  object space 81408K, 99% used [0x0000000080000000,0x0000000084f52ab8,0x0000000084f80000)
 Metaspace       used 65867K, committed 67456K, reserved 1114112K
  class space    used 6836K, committed 7552K, reserved 1048576K
}
Event: 54.078 GC heap before
{Heap before GC invocations=79 (full 3):
 PSYoungGen      total 13312K, used 13088K [0x00000000d5580000, 0x00000000d6400000, 0x0000000100000000)
  eden space 11776K, 100% used [0x00000000d5580000,0x00000000d6100000,0x00000000d6100000)
  from space 1536K, 85% used [0x00000000d6100000,0x00000000d6248020,0x00000000d6280000)
  to   space 1536K, 0% used [0x00000000d6280000,0x00000000d6280000,0x00000000d6400000)
 ParOldGen       total 81408K, used 81226K [0x0000000080000000, 0x0000000084f80000, 0x00000000d5580000)
  object space 81408K, 99% used [0x0000000080000000,0x0000000084f52ab8,0x0000000084f80000)
 Metaspace       used 65898K, committed 67456K, reserved 1114112K
  class space    used 6836K, committed 7552K, reserved 1048576K
}
Event: 54.081 GC heap after
{Heap after GC invocations=79 (full 3):
 PSYoungGen      total 13312K, used 1408K [0x00000000d5580000, 0x00000000d6400000, 0x0000000100000000)
  eden space 11776K, 0% used [0x00000000d5580000,0x00000000d5580000,0x00000000d6100000)
  from space 1536K, 91% used [0x00000000d6280000,0x00000000d63e0020,0x00000000d6400000)
  to   space 1536K, 0% used [0x00000000d6100000,0x00000000d6100000,0x00000000d6280000)
 ParOldGen       total 82432K, used 81958K [0x0000000080000000, 0x0000000085080000, 0x00000000d5580000)
  object space 82432K, 99% used [0x0000000080000000,0x0000000085009ac8,0x0000000085080000)
 Metaspace       used 65898K, committed 67456K, reserved 1114112K
  class space    used 6836K, committed 7552K, reserved 1048576K
}
Event: 54.137 GC heap before
{Heap before GC invocations=80 (full 3):
 PSYoungGen      total 13312K, used 13184K [0x00000000d5580000, 0x00000000d6400000, 0x0000000100000000)
  eden space 11776K, 100% used [0x00000000d5580000,0x00000000d6100000,0x00000000d6100000)
  from space 1536K, 91% used [0x00000000d6280000,0x00000000d63e0020,0x00000000d6400000)
  to   space 1536K, 0% used [0x00000000d6100000,0x00000000d6100000,0x00000000d6280000)
 ParOldGen       total 82432K, used 81958K [0x0000000080000000, 0x0000000085080000, 0x00000000d5580000)
  object space 82432K, 99% used [0x0000000080000000,0x0000000085009ac8,0x0000000085080000)
 Metaspace       used 65921K, committed 67520K, reserved 1114112K
  class space    used 6836K, committed 7552K, reserved 1048576K
}
Event: 54.142 GC heap after
{Heap after GC invocations=80 (full 3):
 PSYoungGen      total 13312K, used 1216K [0x00000000d5580000, 0x00000000d6400000, 0x0000000100000000)
  eden space 11776K, 0% used [0x00000000d5580000,0x00000000d5580000,0x00000000d6100000)
  from space 1536K, 79% used [0x00000000d6100000,0x00000000d6230000,0x00000000d6280000)
  to   space 1536K, 0% used [0x00000000d6280000,0x00000000d6280000,0x00000000d6400000)
 ParOldGen       total 82944K, used 82814K [0x0000000080000000, 0x0000000085100000, 0x00000000d5580000)
  object space 82944K, 99% used [0x0000000080000000,0x00000000850dfac8,0x0000000085100000)
 Metaspace       used 65921K, committed 67520K, reserved 1114112K
  class space    used 6836K, committed 7552K, reserved 1048576K
}
Event: 54.454 GC heap before
{Heap before GC invocations=81 (full 3):
 PSYoungGen      total 13312K, used 12992K [0x00000000d5580000, 0x00000000d6400000, 0x0000000100000000)
  eden space 11776K, 100% used [0x00000000d5580000,0x00000000d6100000,0x00000000d6100000)
  from space 1536K, 79% used [0x00000000d6100000,0x00000000d6230000,0x00000000d6280000)
  to   space 1536K, 0% used [0x00000000d6280000,0x00000000d6280000,0x00000000d6400000)
 ParOldGen       total 82944K, used 82814K [0x0000000080000000, 0x0000000085100000, 0x00000000d5580000)
  object space 82944K, 99% used [0x0000000080000000,0x00000000850dfac8,0x0000000085100000)
 Metaspace       used 66183K, committed 67776K, reserved 1114112K
  class space    used 6863K, committed 7552K, reserved 1048576K
}
Event: 54.458 GC heap after
{Heap after GC invocations=81 (full 3):
 PSYoungGen      total 12800K, used 800K [0x00000000d5580000, 0x00000000d6380000, 0x0000000100000000)
  eden space 11776K, 0% used [0x00000000d5580000,0x00000000d5580000,0x00000000d6100000)
  from space 1024K, 78% used [0x00000000d6280000,0x00000000d6348000,0x00000000d6380000)
  to   space 1024K, 0% used [0x00000000d6180000,0x00000000d6180000,0x00000000d6280000)
 ParOldGen       total 83968K, used 83646K [0x0000000080000000, 0x0000000085200000, 0x00000000d5580000)
  object space 83968K, 99% used [0x0000000080000000,0x00000000851afac8,0x0000000085200000)
 Metaspace       used 66183K, committed 67776K, reserved 1114112K
  class space    used 6863K, committed 7552K, reserved 1048576K
}
Event: 54.771 GC heap before
{Heap before GC invocations=82 (full 3):
 PSYoungGen      total 12800K, used 12576K [0x00000000d5580000, 0x00000000d6380000, 0x0000000100000000)
  eden space 11776K, 100% used [0x00000000d5580000,0x00000000d6100000,0x00000000d6100000)
  from space 1024K, 78% used [0x00000000d6280000,0x00000000d6348000,0x00000000d6380000)
  to   space 1024K, 0% used [0x00000000d6180000,0x00000000d6180000,0x00000000d6280000)
 ParOldGen       total 83968K, used 83646K [0x0000000080000000, 0x0000000085200000, 0x00000000d5580000)
  object space 83968K, 99% used [0x0000000080000000,0x00000000851afac8,0x0000000085200000)
 Metaspace       used 66636K, committed 68224K, reserved 1114112K
  class space    used 6923K, committed 7616K, reserved 1048576K
}
Event: 54.773 GC heap after
{Heap after GC invocations=82 (full 3):
 PSYoungGen      total 12800K, used 790K [0x00000000d5580000, 0x00000000d6300000, 0x0000000100000000)
  eden space 11776K, 0% used [0x00000000d5580000,0x00000000d5580000,0x00000000d6100000)
  from space 1024K, 77% used [0x00000000d6180000,0x00000000d6245a18,0x00000000d6280000)
  to   space 512K, 0% used [0x00000000d6280000,0x00000000d6280000,0x00000000d6300000)
 ParOldGen       total 84480K, used 84298K [0x0000000080000000, 0x0000000085280000, 0x00000000d5580000)
  object space 84480K, 99% used [0x0000000080000000,0x0000000085252868,0x0000000085280000)
 Metaspace       used 66636K, committed 68224K, reserved 1114112K
  class space    used 6923K, committed 7616K, reserved 1048576K
}
Event: 55.117 GC heap before
{Heap before GC invocations=83 (full 3):
 PSYoungGen      total 12800K, used 12566K [0x00000000d5580000, 0x00000000d6300000, 0x0000000100000000)
  eden space 11776K, 100% used [0x00000000d5580000,0x00000000d6100000,0x00000000d6100000)
  from space 1024K, 77% used [0x00000000d6180000,0x00000000d6245a18,0x00000000d6280000)
  to   space 512K, 0% used [0x00000000d6280000,0x00000000d6280000,0x00000000d6300000)
 ParOldGen       total 84480K, used 84298K [0x0000000080000000, 0x0000000085280000, 0x00000000d5580000)
  object space 84480K, 99% used [0x0000000080000000,0x0000000085252868,0x0000000085280000)
 Metaspace       used 67339K, committed 68928K, reserved 1114112K
  class space    used 7080K, committed 7808K, reserved 1048576K
}
Event: 55.119 GC heap after
{Heap after GC invocations=83 (full 3):
 PSYoungGen      total 12288K, used 508K [0x00000000d5580000, 0x00000000d6400000, 0x0000000100000000)
  eden space 11776K, 0% used [0x00000000d5580000,0x00000000d5580000,0x00000000d6100000)
  from space 512K, 99% used [0x00000000d6280000,0x00000000d62ff268,0x00000000d6300000)
  to   space 1536K, 0% used [0x00000000d6100000,0x00000000d6100000,0x00000000d6280000)
 ParOldGen       total 84992K, used 84976K [0x0000000080000000, 0x0000000085300000, 0x00000000d5580000)
  object space 84992K, 99% used [0x0000000080000000,0x00000000852fc358,0x0000000085300000)
 Metaspace       used 67339K, committed 68928K, reserved 1114112K
  class space    used 7080K, committed 7808K, reserved 1048576K
}
Event: 55.467 GC heap before
{Heap before GC invocations=84 (full 3):
 PSYoungGen      total 12288K, used 12284K [0x00000000d5580000, 0x00000000d6400000, 0x0000000100000000)
  eden space 11776K, 100% used [0x00000000d5580000,0x00000000d6100000,0x00000000d6100000)
  from space 512K, 99% used [0x00000000d6280000,0x00000000d62ff268,0x00000000d6300000)
  to   space 1536K, 0% used [0x00000000d6100000,0x00000000d6100000,0x00000000d6280000)
 ParOldGen       total 84992K, used 84976K [0x0000000080000000, 0x0000000085300000, 0x00000000d5580000)
  object space 84992K, 99% used [0x0000000080000000,0x00000000852fc358,0x0000000085300000)
 Metaspace       used 68317K, committed 69888K, reserved 1114112K
  class space    used 7217K, committed 7936K, reserved 1048576K
}
Event: 55.469 GC heap after
{Heap after GC invocations=84 (full 3):
 PSYoungGen      total 12800K, used 690K [0x00000000d5580000, 0x00000000d6300000, 0x0000000100000000)
  eden space 11776K, 0% used [0x00000000d5580000,0x00000000d5580000,0x00000000d6100000)
  from space 1024K, 67% used [0x00000000d6100000,0x00000000d61ac8b0,0x00000000d6200000)
  to   space 1024K, 0% used [0x00000000d6200000,0x00000000d6200000,0x00000000d6300000)
 ParOldGen       total 85504K, used 85439K [0x0000000080000000, 0x0000000085380000, 0x00000000d5580000)
  object space 85504K, 99% used [0x0000000080000000,0x000000008536fd48,0x0000000085380000)
 Metaspace       used 68317K, committed 69888K, reserved 1114112K
  class space    used 7217K, committed 7936K, reserved 1048576K
}
Event: 55.937 GC heap before
{Heap before GC invocations=85 (full 3):
 PSYoungGen      total 12800K, used 12466K [0x00000000d5580000, 0x00000000d6300000, 0x0000000100000000)
  eden space 11776K, 100% used [0x00000000d5580000,0x00000000d6100000,0x00000000d6100000)
  from space 1024K, 67% used [0x00000000d6100000,0x00000000d61ac8b0,0x00000000d6200000)
  to   space 1024K, 0% used [0x00000000d6200000,0x00000000d6200000,0x00000000d6300000)
 ParOldGen       total 85504K, used 85439K [0x0000000080000000, 0x0000000085380000, 0x00000000d5580000)
  object space 85504K, 99% used [0x0000000080000000,0x000000008536fd48,0x0000000085380000)
 Metaspace       used 68845K, committed 70464K, reserved 1114112K
  class space    used 7307K, committed 8000K, reserved 1048576K
}
Event: 55.945 GC heap after
{Heap after GC invocations=85 (full 3):
 PSYoungGen      total 12800K, used 832K [0x00000000d5580000, 0x00000000d6300000, 0x0000000100000000)
  eden space 11776K, 0% used [0x00000000d5580000,0x00000000d5580000,0x00000000d6100000)
  from space 1024K, 81% used [0x00000000d6200000,0x00000000d62d0000,0x00000000d6300000)
  to   space 1024K, 0% used [0x00000000d6100000,0x00000000d6100000,0x00000000d6200000)
 ParOldGen       total 86528K, used 86020K [0x0000000080000000, 0x0000000085480000, 0x00000000d5580000)
  object space 86528K, 99% used [0x0000000080000000,0x00000000854011d8,0x0000000085480000)
 Metaspace       used 68845K, committed 70464K, reserved 1114112K
  class space    used 7307K, committed 8000K, reserved 1048576K
}
Event: 56.606 GC heap before
{Heap before GC invocations=86 (full 3):
 PSYoungGen      total 12800K, used 12607K [0x00000000d5580000, 0x00000000d6300000, 0x0000000100000000)
  eden space 11776K, 99% used [0x00000000d5580000,0x00000000d60ffff0,0x00000000d6100000)
  from space 1024K, 81% used [0x00000000d6200000,0x00000000d62d0000,0x00000000d6300000)
  to   space 1024K, 0% used [0x00000000d6100000,0x00000000d6100000,0x00000000d6200000)
 ParOldGen       total 86528K, used 86020K [0x0000000080000000, 0x0000000085480000, 0x00000000d5580000)
  object space 86528K, 99% used [0x0000000080000000,0x00000000854011d8,0x0000000085480000)
 Metaspace       used 69544K, committed 71104K, reserved 1114112K
  class space    used 7362K, committed 8064K, reserved 1048576K
}
Event: 56.610 GC heap after
{Heap after GC invocations=86 (full 3):
 PSYoungGen      total 12800K, used 1013K [0x00000000d5580000, 0x00000000d6500000, 0x0000000100000000)
  eden space 11776K, 0% used [0x00000000d5580000,0x00000000d5580000,0x00000000d6100000)
  from space 1024K, 98% used [0x00000000d6100000,0x00000000d61fd430,0x00000000d6200000)
  to   space 2048K, 0% used [0x00000000d6300000,0x00000000d6300000,0x00000000d6500000)
 ParOldGen       total 87040K, used 86658K [0x0000000080000000, 0x0000000085500000, 0x00000000d5580000)
  object space 87040K, 99% used [0x0000000080000000,0x00000000854a0900,0x0000000085500000)
 Metaspace       used 69544K, committed 71104K, reserved 1114112K
  class space    used 7362K, committed 8064K, reserved 1048576K
}
Event: 57.238 GC heap before
{Heap before GC invocations=87 (full 3):
 PSYoungGen      total 12800K, used 12784K [0x00000000d5580000, 0x00000000d6500000, 0x0000000100000000)
  eden space 11776K, 99% used [0x00000000d5580000,0x00000000d60fed30,0x00000000d6100000)
  from space 1024K, 98% used [0x00000000d6100000,0x00000000d61fd430,0x00000000d6200000)
  to   space 2048K, 0% used [0x00000000d6300000,0x00000000d6300000,0x00000000d6500000)
 ParOldGen       total 87040K, used 86658K [0x0000000080000000, 0x0000000085500000, 0x00000000d5580000)
  object space 87040K, 99% used [0x0000000080000000,0x00000000854a0900,0x0000000085500000)
 Metaspace       used 70132K, committed 71744K, reserved 1114112K
  class space    used 7417K, committed 8128K, reserved 1048576K
}
Event: 57.241 GC heap after
{Heap after GC invocations=87 (full 3):
 PSYoungGen      total 12800K, used 560K [0x00000000d5580000, 0x00000000d6400000, 0x0000000100000000)
  eden space 11776K, 0% used [0x00000000d5580000,0x00000000d5580000,0x00000000d6100000)
  from space 1024K, 54% used [0x00000000d6300000,0x00000000d638c030,0x00000000d6400000)
  to   space 1024K, 0% used [0x00000000d6100000,0x00000000d6100000,0x00000000d6200000)
 ParOldGen       total 87552K, used 87112K [0x0000000080000000, 0x0000000085580000, 0x00000000d5580000)
  object space 87552K, 99% used [0x0000000080000000,0x00000000855121e8,0x0000000085580000)
 Metaspace       used 70132K, committed 71744K, reserved 1114112K
  class space    used 7417K, committed 8128K, reserved 1048576K
}

