# JRE version: OpenJDK Runtime Environment Temurin-21.0.9+10 (21.0.9+10) (build 21.0.9+10-LTS)
# Java VM: OpenJDK 64-Bit Server VM Temurin-21.0.9+10 (21.0.9+10-LTS, mixed mode, sharing, tiered, compressed oops, compressed class ptrs, parallel gc, windows-amd64)
GC Precious Log:
 CardTable entry size: 512
 CPUs: 8 total, 8 available
 Memory: 15647M
 Large Page Support: Disabled
 NUMA Support: Disabled
 Compressed Oops: Enabled (32-bit)
 Alignments: Space 512K, Generation 512K, Heap 2M
 Heap Min Capacity: 100M
 Heap Initial Capacity: 100M
 Heap Max Capacity: 2G
 Pre-touch: Disabled
 Parallel Workers: 8
Heap:
 PSYoungGen      total 14848K, used 6918K [0x00000000d5580000, 0x00000000d7100000, 0x0000000100000000)
  eden space 13824K, 42% used [0x00000000d5580000,0x00000000d5b43b58,0x00000000d6300000)
  from space 1024K, 99% used [0x00000000d6900000,0x00000000d69fe010,0x00000000d6a00000)
  to   space 7168K, 0% used [0x00000000d6a00000,0x00000000d6a00000,0x00000000d7100000)
 ParOldGen       total 188416K, used 71097K [0x0000000080000000, 0x000000008b800000, 0x00000000d5580000)
  object space 188416K, 37% used [0x0000000080000000,0x000000008456e5b8,0x000000008b800000)
 Metaspace       used 75932K, committed 77568K, reserved 1179648K
  class space    used 7866K, committed 8576K, reserved 1048576K
GC Heap History (20 events):
Event: 88.781 GC heap before
{Heap before GC invocations=106 (full 3):
 PSYoungGen      total 16384K, used 15881K [0x00000000d5580000, 0x00000000d6f80000, 0x0000000100000000)
  eden space 13824K, 100% used [0x00000000d5580000,0x00000000d6300000,0x00000000d6300000)
  from space 2560K, 80% used [0x00000000d6d00000,0x00000000d6f02420,0x00000000d6f80000)
  to   space 4608K, 0% used [0x00000000d6680000,0x00000000d6680000,0x00000000d6b00000)
 ParOldGen       total 151552K, used 151057K [0x0000000080000000, 0x0000000089400000, 0x00000000d5580000)
  object space 151552K, 99% used [0x0000000080000000,0x0000000089384550,0x0000000089400000)
 Metaspace       used 74672K, committed 76288K, reserved 1179648K
  class space    used 7746K, committed 8448K, reserved 1048576K
}
Event: 88.785 GC heap after
{Heap after GC invocations=106 (full 3):
 PSYoungGen      total 18432K, used 1008K [0x00000000d5580000, 0x00000000d6d80000, 0x0000000100000000)
  eden space 13824K, 0% used [0x00000000d5580000,0x00000000d5580000,0x00000000d6300000)
  from space 4608K, 21% used [0x00000000d6680000,0x00000000d677c010,0x00000000d6b00000)
  to   space 2048K, 0% used [0x00000000d6b80000,0x00000000d6b80000,0x00000000d6d80000)
 ParOldGen       total 153088K, used 152731K [0x0000000080000000, 0x0000000089580000, 0x00000000d5580000)
  object space 153088K, 99% used [0x0000000080000000,0x0000000089526f88,0x0000000089580000)
 Metaspace       used 74672K, committed 76288K, reserved 1179648K
  class space    used 7746K, committed 8448K, reserved 1048576K
}
Event: 89.395 GC heap before
{Heap before GC invocations=107 (full 3):
 PSYoungGen      total 18432K, used 14832K [0x00000000d5580000, 0x00000000d6d80000, 0x0000000100000000)
  eden space 13824K, 100% used [0x00000000d5580000,0x00000000d6300000,0x00000000d6300000)
  from space 4608K, 21% used [0x00000000d6680000,0x00000000d677c010,0x00000000d6b00000)
  to   space 2048K, 0% used [0x00000000d6b80000,0x00000000d6b80000,0x00000000d6d80000)
 ParOldGen       total 153088K, used 152731K [0x0000000080000000, 0x0000000089580000, 0x00000000d5580000)
  object space 153088K, 99% used [0x0000000080000000,0x0000000089526f88,0x0000000089580000)
 Metaspace       used 74751K, committed 76352K, reserved 1179648K
  class space    used 7747K, committed 8448K, reserved 1048576K
}
Event: 89.401 GC heap after
{Heap after GC invocations=107 (full 3):
 PSYoungGen      total 15360K, used 1088K [0x00000000d5580000, 0x00000000d6d00000, 0x0000000100000000)
  eden space 13824K, 0% used [0x00000000d5580000,0x00000000d5580000,0x00000000d6300000)
  from space 1536K, 70% used [0x00000000d6b80000,0x00000000d6c90000,0x00000000d6d00000)
  to   space 1536K, 0% used [0x00000000d6a00000,0x00000000d6a00000,0x00000000d6b80000)
 ParOldGen       total 153600K, used 153559K [0x0000000080000000, 0x0000000089600000, 0x00000000d5580000)
  object space 153600K, 99% used [0x0000000080000000,0x00000000895f5da8,0x0000000089600000)
 Metaspace       used 74751K, committed 76352K, reserved 1179648K
  class space    used 7747K, committed 8448K, reserved 1048576K
}
Event: 90.493 GC heap before
{Heap before GC invocations=108 (full 3):
 PSYoungGen      total 15360K, used 14911K [0x00000000d5580000, 0x00000000d6d00000, 0x0000000100000000)
  eden space 13824K, 99% used [0x00000000d5580000,0x00000000d62ffff0,0x00000000d6300000)
  from space 1536K, 70% used [0x00000000d6b80000,0x00000000d6c90000,0x00000000d6d00000)
  to   space 1536K, 0% used [0x00000000d6a00000,0x00000000d6a00000,0x00000000d6b80000)
 ParOldGen       total 153600K, used 153559K [0x0000000080000000, 0x0000000089600000, 0x00000000d5580000)
  object space 153600K, 99% used [0x0000000080000000,0x00000000895f5da8,0x0000000089600000)
 Metaspace       used 74832K, committed 76480K, reserved 1179648K
  class space    used 7751K, committed 8448K, reserved 1048576K
}
Event: 90.496 GC heap after
{Heap after GC invocations=108 (full 3):
 PSYoungGen      total 14336K, used 474K [0x00000000d5580000, 0x00000000d6c00000, 0x0000000100000000)
  eden space 13824K, 0% used [0x00000000d5580000,0x00000000d5580000,0x00000000d6300000)
  from space 512K, 92% used [0x00000000d6a00000,0x00000000d6a76900,0x00000000d6a80000)
  to   space 1024K, 0% used [0x00000000d6b00000,0x00000000d6b00000,0x00000000d6c00000)
 ParOldGen       total 154624K, used 154395K [0x0000000080000000, 0x0000000089700000, 0x00000000d5580000)
  object space 154624K, 99% used [0x0000000080000000,0x00000000896c6e08,0x0000000089700000)
 Metaspace       used 74832K, committed 76480K, reserved 1179648K
  class space    used 7751K, committed 8448K, reserved 1048576K
}
Event: 107.390 GC heap before
{Heap before GC invocations=109 (full 3):
 PSYoungGen      total 14336K, used 14298K [0x00000000d5580000, 0x00000000d6c00000, 0x0000000100000000)
  eden space 13824K, 100% used [0x00000000d5580000,0x00000000d6300000,0x00000000d6300000)
  from space 512K, 92% used [0x00000000d6a00000,0x00000000d6a76900,0x00000000d6a80000)
  to   space 1024K, 0% used [0x00000000d6b00000,0x00000000d6b00000,0x00000000d6c00000)
 ParOldGen       total 154624K, used 154395K [0x0000000080000000, 0x0000000089700000, 0x00000000d5580000)
  object space 154624K, 99% used [0x0000000080000000,0x00000000896c6e08,0x0000000089700000)
 Metaspace       used 74876K, committed 76544K, reserved 1179648K
  class space    used 7752K, committed 8448K, reserved 1048576K
}
Event: 107.392 GC heap after
{Heap after GC invocations=109 (full 3):
 PSYoungGen      total 14848K, used 638K [0x00000000d5580000, 0x00000000d6c00000, 0x0000000100000000)
  eden space 13824K, 0% used [0x00000000d5580000,0x00000000d5580000,0x00000000d6300000)
  from space 1024K, 62% used [0x00000000d6b00000,0x00000000d6b9fb10,0x00000000d6c00000)
  to   space 1024K, 0% used [0x00000000d6a00000,0x00000000d6a00000,0x00000000d6b00000)
 ParOldGen       total 155136K, used 154659K [0x0000000080000000, 0x0000000089780000, 0x00000000d5580000)
  object space 155136K, 99% used [0x0000000080000000,0x0000000089708e18,0x0000000089780000)
 Metaspace       used 74876K, committed 76544K, reserved 1179648K
  class space    used 7752K, committed 8448K, reserved 1048576K
}
Event: 108.300 GC heap before
{Heap before GC invocations=110 (full 3):
 PSYoungGen      total 14848K, used 14462K [0x00000000d5580000, 0x00000000d6c00000, 0x0000000100000000)
  eden space 13824K, 99% used [0x00000000d5580000,0x00000000d62fff18,0x00000000d6300000)
  from space 1024K, 62% used [0x00000000d6b00000,0x00000000d6b9fb10,0x00000000d6c00000)
  to   space 1024K, 0% used [0x00000000d6a00000,0x00000000d6a00000,0x00000000d6b00000)
 ParOldGen       total 155136K, used 154659K [0x0000000080000000, 0x0000000089780000, 0x00000000d5580000)
  object space 155136K, 99% used [0x0000000080000000,0x0000000089708e18,0x0000000089780000)
 Metaspace       used 75043K, committed 76672K, reserved 1179648K
  class space    used 7757K, committed 8448K, reserved 1048576K
}
Event: 108.303 GC heap after
{Heap after GC invocations=110 (full 3):
 PSYoungGen      total 14848K, used 1007K [0x00000000d5580000, 0x00000000d6b80000, 0x0000000100000000)
  eden space 13824K, 0% used [0x00000000d5580000,0x00000000d5580000,0x00000000d6300000)
  from space 1024K, 98% used [0x00000000d6a00000,0x00000000d6afbea0,0x00000000d6b00000)
  to   space 512K, 0% used [0x00000000d6b00000,0x00000000d6b00000,0x00000000d6b80000)
 ParOldGen       total 155648K, used 155216K [0x0000000080000000, 0x0000000089800000, 0x00000000d5580000)
  object space 155648K, 99% used [0x0000000080000000,0x00000000897942f8,0x0000000089800000)
 Metaspace       used 75043K, committed 76672K, reserved 1179648K
  class space    used 7757K, committed 8448K, reserved 1048576K
}
Event: 108.935 GC heap before
{Heap before GC invocations=111 (full 3):
 PSYoungGen      total 14848K, used 14831K [0x00000000d5580000, 0x00000000d6b80000, 0x0000000100000000)
  eden space 13824K, 100% used [0x00000000d5580000,0x00000000d6300000,0x00000000d6300000)
  from space 1024K, 98% used [0x00000000d6a00000,0x00000000d6afbea0,0x00000000d6b00000)
  to   space 512K, 0% used [0x00000000d6b00000,0x00000000d6b00000,0x00000000d6b80000)
 ParOldGen       total 187392K, used 185936K [0x0000000080000000, 0x000000008b700000, 0x00000000d5580000)
  object space 187392K, 99% used [0x0000000080000000,0x000000008b594328,0x000000008b700000)
 Metaspace       used 75092K, committed 76736K, reserved 1179648K
  class space    used 7757K, committed 8448K, reserved 1048576K
}
Event: 108.937 GC heap after
{Heap after GC invocations=111 (full 3):
 PSYoungGen      total 14336K, used 224K [0x00000000d5580000, 0x00000000d6b80000, 0x0000000100000000)
  eden space 13824K, 0% used [0x00000000d5580000,0x00000000d5580000,0x00000000d6300000)
  from space 512K, 43% used [0x00000000d6b00000,0x00000000d6b38000,0x00000000d6b80000)
  to   space 1024K, 0% used [0x00000000d6980000,0x00000000d6980000,0x00000000d6a80000)
 ParOldGen       total 187392K, used 186826K [0x0000000080000000, 0x000000008b700000, 0x00000000d5580000)
  object space 187392K, 99% used [0x0000000080000000,0x000000008b672938,0x000000008b700000)
 Metaspace       used 75092K, committed 76736K, reserved 1179648K
  class space    used 7757K, committed 8448K, reserved 1048576K
}
Event: 111.039 GC heap before
{Heap before GC invocations=112 (full 3):
 PSYoungGen      total 14336K, used 14047K [0x00000000d5580000, 0x00000000d6b80000, 0x0000000100000000)
  eden space 13824K, 99% used [0x00000000d5580000,0x00000000d62fffd0,0x00000000d6300000)
  from space 512K, 43% used [0x00000000d6b00000,0x00000000d6b38000,0x00000000d6b80000)
  to   space 1024K, 0% used [0x00000000d6980000,0x00000000d6980000,0x00000000d6a80000)
 ParOldGen       total 187392K, used 186826K [0x0000000080000000, 0x000000008b700000, 0x00000000d5580000)
  object space 187392K, 99% used [0x0000000080000000,0x000000008b672938,0x000000008b700000)
 Metaspace       used 75135K, committed 76800K, reserved 1179648K
  class space    used 7757K, committed 8448K, reserved 1048576K
}
Event: 111.041 GC heap after
{Heap after GC invocations=112 (full 3):
 PSYoungGen      total 14848K, used 996K [0x00000000d5580000, 0x00000000d6b80000, 0x0000000100000000)
  eden space 13824K, 0% used [0x00000000d5580000,0x00000000d5580000,0x00000000d6300000)
  from space 1024K, 97% used [0x00000000d6980000,0x00000000d6a79230,0x00000000d6a80000)
  to   space 1024K, 0% used [0x00000000d6a80000,0x00000000d6a80000,0x00000000d6b80000)
 ParOldGen       total 187392K, used 187058K [0x0000000080000000, 0x000000008b700000, 0x00000000d5580000)
  object space 187392K, 99% used [0x0000000080000000,0x000000008b6ac958,0x000000008b700000)
 Metaspace       used 75135K, committed 76800K, reserved 1179648K
  class space    used 7757K, committed 8448K, reserved 1048576K
}
Event: 176.049 GC heap before
{Heap before GC invocations=113 (full 3):
 PSYoungGen      total 14848K, used 12937K [0x00000000d5580000, 0x00000000d6b80000, 0x0000000100000000)
  eden space 13824K, 86% used [0x00000000d5580000,0x00000000d6129560,0x00000000d6300000)
  from space 1024K, 97% used [0x00000000d6980000,0x00000000d6a79230,0x00000000d6a80000)
  to   space 1024K, 0% used [0x00000000d6a80000,0x00000000d6a80000,0x00000000d6b80000)
 ParOldGen       total 187392K, used 187058K [0x0000000080000000, 0x000000008b700000, 0x00000000d5580000)
  object space 187392K, 99% used [0x0000000080000000,0x000000008b6ac958,0x000000008b700000)
 Metaspace       used 75447K, committed 77120K, reserved 1179648K
  class space    used 7806K, committed 8512K, reserved 1048576K
}
Event: 176.052 GC heap after
{Heap after GC invocations=113 (full 3):
 PSYoungGen      total 14336K, used 288K [0x00000000d5580000, 0x00000000d6b00000, 0x0000000100000000)
  eden space 13824K, 0% used [0x00000000d5580000,0x00000000d5580000,0x00000000d6300000)
  from space 512K, 56% used [0x00000000d6a80000,0x00000000d6ac8000,0x00000000d6b00000)
  to   space 1024K, 0% used [0x00000000d6900000,0x00000000d6900000,0x00000000d6a00000)
 ParOldGen       total 188416K, used 187979K [0x0000000080000000, 0x000000008b800000, 0x00000000d5580000)
  object space 188416K, 99% used [0x0000000080000000,0x000000008b792dc8,0x000000008b800000)
 Metaspace       used 75447K, committed 77120K, reserved 1179648K
  class space    used 7806K, committed 8512K, reserved 1048576K
}
Event: 176.052 GC heap before
{Heap before GC invocations=114 (full 4):
 PSYoungGen      total 14336K, used 288K [0x00000000d5580000, 0x00000000d6b00000, 0x0000000100000000)
  eden space 13824K, 0% used [0x00000000d5580000,0x00000000d5580000,0x00000000d6300000)
  from space 512K, 56% used [0x00000000d6a80000,0x00000000d6ac8000,0x00000000d6b00000)
  to   space 1024K, 0% used [0x00000000d6900000,0x00000000d6900000,0x00000000d6a00000)
 ParOldGen       total 188416K, used 187979K [0x0000000080000000, 0x000000008b800000, 0x00000000d5580000)
  object space 188416K, 99% used [0x0000000080000000,0x000000008b792dc8,0x000000008b800000)
 Metaspace       used 75447K, committed 77120K, reserved 1179648K
  class space    used 7806K, committed 8512K, reserved 1048576K
}
Event: 176.234 GC heap after
{Heap after GC invocations=114 (full 4):
 PSYoungGen      total 14336K, used 0K [0x00000000d5580000, 0x00000000d6b00000, 0x0000000100000000)
  eden space 13824K, 0% used [0x00000000d5580000,0x00000000d5580000,0x00000000d6300000)
  from space 512K, 0% used [0x00000000d6a80000,0x00000000d6a80000,0x00000000d6b00000)
  to   space 1024K, 0% used [0x00000000d6900000,0x00000000d6900000,0x00000000d6a00000)
 ParOldGen       total 188416K, used 66202K [0x0000000080000000, 0x000000008b800000, 0x00000000d5580000)
  object space 188416K, 35% used [0x0000000080000000,0x00000000840a6ac8,0x000000008b800000)
 Metaspace       used 75447K, committed 77120K, reserved 1179648K
  class space    used 7806K, committed 8512K, reserved 1048576K
}
Event: 183.159 GC heap before
{Heap before GC invocations=115 (full 4):
 PSYoungGen      total 14336K, used 13824K [0x00000000d5580000, 0x00000000d6b00000, 0x0000000100000000)
  eden space 13824K, 100% used [0x00000000d5580000,0x00000000d6300000,0x00000000d6300000)
  from space 512K, 0% used [0x00000000d6a80000,0x00000000d6a80000,0x00000000d6b00000)
  to   space 1024K, 0% used [0x00000000d6900000,0x00000000d6900000,0x00000000d6a00000)
 ParOldGen       total 188416K, used 66202K [0x0000000080000000, 0x000000008b800000, 0x00000000d5580000)
  object space 188416K, 35% used [0x0000000080000000,0x00000000840a6ac8,0x000000008b800000)
 Metaspace       used 75827K, committed 77440K, reserved 1179648K
  class space    used 7841K, committed 8512K, reserved 1048576K
}
Event: 183.166 GC heap after
{Heap after GC invocations=115 (full 4):
 PSYoungGen      total 14848K, used 1016K [0x00000000d5580000, 0x00000000d7100000, 0x0000000100000000)
  eden space 13824K, 0% used [0x00000000d5580000,0x00000000d5580000,0x00000000d6300000)
  from space 1024K, 99% used [0x00000000d6900000,0x00000000d69fe010,0x00000000d6a00000)
  to   space 7168K, 0% used [0x00000000d6a00000,0x00000000d6a00000,0x00000000d7100000)
 ParOldGen       total 188416K, used 71097K [0x0000000080000000, 0x000000008b800000, 0x00000000d5580000)
  object space 188416K, 37% used [0x0000000080000000,0x000000008456e5b8,0x000000008b800000)
 Metaspace       used 75827K, committed 77440K, reserved 1179648K
  class space    used 7841K, committed 8512K, reserved 1048576K
}

