# JRE version: OpenJDK Runtime Environment Temurin-21.0.9+10 (21.0.9+10) (build 21.0.9+10-LTS)
# Java VM: OpenJDK 64-Bit Server VM Temurin-21.0.9+10 (21.0.9+10-LTS, mixed mode, sharing, tiered, compressed oops, compressed class ptrs, parallel gc, windows-amd64)
GC Precious Log:
 CardTable entry size: 512
 CPUs: 8 total, 8 available
 Memory: 15647M
 Large Page Support: Disabled
 NUMA Support: Disabled
 Compressed Oops: Enabled (32-bit)
 Alignments: Space 512K, Generation 512K, Heap 2M
 Heap Min Capacity: 100M
 Heap Initial Capacity: 100M
 Heap Max Capacity: 2G
 Pre-touch: Disabled
 Parallel Workers: 8
Heap:
 PSYoungGen      total 11776K, used 9515K [0x00000000d5580000, 0x00000000d6280000, 0x0000000100000000)
  eden space 10240K, 83% used [0x00000000d5580000,0x00000000d5de2c88,0x00000000d5f80000)
  from space 1536K, 60% used [0x00000000d5f80000,0x00000000d6068000,0x00000000d6100000)
  to   space 1536K, 0% used [0x00000000d6100000,0x00000000d6100000,0x00000000d6280000)
 ParOldGen       total 88576K, used 88267K [0x0000000080000000, 0x0000000085680000, 0x00000000d5580000)
  object space 88576K, 99% used [0x0000000080000000,0x0000000085632d78,0x0000000085680000)
 Metaspace       used 69393K, committed 70976K, reserved 1114112K
  class space    used 7404K, committed 8064K, reserved 1048576K
GC Heap History (20 events):
Event: 348.986 GC heap before
{Heap before GC invocations=100 (full 3):
 PSYoungGen      total 11776K, used 11684K [0x00000000d5580000, 0x00000000d6400000, 0x0000000100000000)
  eden space 10240K, 100% used [0x00000000d5580000,0x00000000d5f80000,0x00000000d5f80000)
  from space 1536K, 94% used [0x00000000d6280000,0x00000000d63e9240,0x00000000d6400000)
  to   space 2048K, 0% used [0x00000000d6000000,0x00000000d6000000,0x00000000d6200000)
 ParOldGen       total 80384K, used 80205K [0x0000000080000000, 0x0000000084e80000, 0x00000000d5580000)
  object space 80384K, 99% used [0x0000000080000000,0x0000000084e535a0,0x0000000084e80000)
 Metaspace       used 68993K, committed 70528K, reserved 1114112K
  class space    used 7400K, committed 8064K, reserved 1048576K
}
Event: 348.991 GC heap after
{Heap after GC invocations=100 (full 3):
 PSYoungGen      total 11776K, used 1472K [0x00000000d5580000, 0x00000000d6300000, 0x0000000100000000)
  eden space 10240K, 0% used [0x00000000d5580000,0x00000000d5580000,0x00000000d5f80000)
  from space 1536K, 95% used [0x00000000d6000000,0x00000000d6170000,0x00000000d6180000)
  to   space 1536K, 0% used [0x00000000d6180000,0x00000000d6180000,0x00000000d6300000)
 ParOldGen       total 81920K, used 81439K [0x0000000080000000, 0x0000000085000000, 0x00000000d5580000)
  object space 81920K, 99% used [0x0000000080000000,0x0000000084f87db8,0x0000000085000000)
 Metaspace       used 68993K, committed 70528K, reserved 1114112K
  class space    used 7400K, committed 8064K, reserved 1048576K
}
Event: 349.568 GC heap before
{Heap before GC invocations=101 (full 3):
 PSYoungGen      total 11776K, used 11712K [0x00000000d5580000, 0x00000000d6300000, 0x0000000100000000)
  eden space 10240K, 100% used [0x00000000d5580000,0x00000000d5f80000,0x00000000d5f80000)
  from space 1536K, 95% used [0x00000000d6000000,0x00000000d6170000,0x00000000d6180000)
  to   space 1536K, 0% used [0x00000000d6180000,0x00000000d6180000,0x00000000d6300000)
 ParOldGen       total 81920K, used 81439K [0x0000000080000000, 0x0000000085000000, 0x00000000d5580000)
  object space 81920K, 99% used [0x0000000080000000,0x0000000084f87db8,0x0000000085000000)
 Metaspace       used 69104K, committed 70656K, reserved 1114112K
  class space    used 7400K, committed 8064K, reserved 1048576K
}
Event: 349.571 GC heap after
{Heap after GC invocations=101 (full 3):
 PSYoungGen      total 11264K, used 544K [0x00000000d5580000, 0x00000000d6280000, 0x0000000100000000)
  eden space 10240K, 0% used [0x00000000d5580000,0x00000000d5580000,0x00000000d5f80000)
  from space 1024K, 53% used [0x00000000d6180000,0x00000000d6208000,0x00000000d6280000)
  to   space 1024K, 0% used [0x00000000d6080000,0x00000000d6080000,0x00000000d6180000)
 ParOldGen       total 82944K, used 82839K [0x0000000080000000, 0x0000000085100000, 0x00000000d5580000)
  object space 82944K, 99% used [0x0000000080000000,0x00000000850e5d58,0x0000000085100000)
 Metaspace       used 69104K, committed 70656K, reserved 1114112K
  class space    used 7400K, committed 8064K, reserved 1048576K
}
Event: 349.812 GC heap before
{Heap before GC invocations=102 (full 3):
 PSYoungGen      total 11264K, used 10782K [0x00000000d5580000, 0x00000000d6280000, 0x0000000100000000)
  eden space 10240K, 99% used [0x00000000d5580000,0x00000000d5f7fbc8,0x00000000d5f80000)
  from space 1024K, 53% used [0x00000000d6180000,0x00000000d6208000,0x00000000d6280000)
  to   space 1024K, 0% used [0x00000000d6080000,0x00000000d6080000,0x00000000d6180000)
 ParOldGen       total 82944K, used 82839K [0x0000000080000000, 0x0000000085100000, 0x00000000d5580000)
  object space 82944K, 99% used [0x0000000080000000,0x00000000850e5d58,0x0000000085100000)
 Metaspace       used 69133K, committed 70656K, reserved 1114112K
  class space    used 7400K, committed 8064K, reserved 1048576K
}
Event: 349.815 GC heap after
{Heap after GC invocations=102 (full 3):
 PSYoungGen      total 11264K, used 896K [0x00000000d5580000, 0x00000000d6200000, 0x0000000100000000)
  eden space 10240K, 0% used [0x00000000d5580000,0x00000000d5580000,0x00000000d5f80000)
  from space 1024K, 87% used [0x00000000d6080000,0x00000000d6160000,0x00000000d6180000)
  to   space 512K, 0% used [0x00000000d6180000,0x00000000d6180000,0x00000000d6200000)
 ParOldGen       total 83456K, used 83231K [0x0000000080000000, 0x0000000085180000, 0x00000000d5580000)
  object space 83456K, 99% used [0x0000000080000000,0x0000000085147d68,0x0000000085180000)
 Metaspace       used 69133K, committed 70656K, reserved 1114112K
  class space    used 7400K, committed 8064K, reserved 1048576K
}
Event: 350.170 GC heap before
{Heap before GC invocations=103 (full 3):
 PSYoungGen      total 11264K, used 11136K [0x00000000d5580000, 0x00000000d6200000, 0x0000000100000000)
  eden space 10240K, 100% used [0x00000000d5580000,0x00000000d5f80000,0x00000000d5f80000)
  from space 1024K, 87% used [0x00000000d6080000,0x00000000d6160000,0x00000000d6180000)
  to   space 512K, 0% used [0x00000000d6180000,0x00000000d6180000,0x00000000d6200000)
 ParOldGen       total 83456K, used 83231K [0x0000000080000000, 0x0000000085180000, 0x00000000d5580000)
  object space 83456K, 99% used [0x0000000080000000,0x0000000085147d68,0x0000000085180000)
 Metaspace       used 69171K, committed 70720K, reserved 1114112K
  class space    used 7400K, committed 8064K, reserved 1048576K
}
Event: 350.175 GC heap after
{Heap after GC invocations=103 (full 3):
 PSYoungGen      total 10752K, used 512K [0x00000000d5580000, 0x00000000d6380000, 0x0000000100000000)
  eden space 10240K, 0% used [0x00000000d5580000,0x00000000d5580000,0x00000000d5f80000)
  from space 512K, 100% used [0x00000000d6180000,0x00000000d6200000,0x00000000d6200000)
  to   space 2048K, 0% used [0x00000000d5f80000,0x00000000d5f80000,0x00000000d6180000)
 ParOldGen       total 84480K, used 84403K [0x0000000080000000, 0x0000000085280000, 0x00000000d5580000)
  object space 84480K, 99% used [0x0000000080000000,0x000000008526cd78,0x0000000085280000)
 Metaspace       used 69171K, committed 70720K, reserved 1114112K
  class space    used 7400K, committed 8064K, reserved 1048576K
}
Event: 350.460 GC heap before
{Heap before GC invocations=104 (full 3):
 PSYoungGen      total 10752K, used 10752K [0x00000000d5580000, 0x00000000d6380000, 0x0000000100000000)
  eden space 10240K, 100% used [0x00000000d5580000,0x00000000d5f80000,0x00000000d5f80000)
  from space 512K, 100% used [0x00000000d6180000,0x00000000d6200000,0x00000000d6200000)
  to   space 2048K, 0% used [0x00000000d5f80000,0x00000000d5f80000,0x00000000d6180000)
 ParOldGen       total 84480K, used 84403K [0x0000000080000000, 0x0000000085280000, 0x00000000d5580000)
  object space 84480K, 99% used [0x0000000080000000,0x000000008526cd78,0x0000000085280000)
 Metaspace       used 69210K, committed 70720K, reserved 1114112K
  class space    used 7400K, committed 8064K, reserved 1048576K
}
Event: 350.463 GC heap after
{Heap after GC invocations=104 (full 3):
 PSYoungGen      total 11264K, used 832K [0x00000000d5580000, 0x00000000d6280000, 0x0000000100000000)
  eden space 10240K, 0% used [0x00000000d5580000,0x00000000d5580000,0x00000000d5f80000)
  from space 1024K, 81% used [0x00000000d5f80000,0x00000000d6050000,0x00000000d6080000)
  to   space 1536K, 0% used [0x00000000d6100000,0x00000000d6100000,0x00000000d6280000)
 ParOldGen       total 84992K, used 84715K [0x0000000080000000, 0x0000000085300000, 0x00000000d5580000)
  object space 84992K, 99% used [0x0000000080000000,0x00000000852bad78,0x0000000085300000)
 Metaspace       used 69210K, committed 70720K, reserved 1114112K
  class space    used 7400K, committed 8064K, reserved 1048576K
}
Event: 351.218 GC heap before
{Heap before GC invocations=105 (full 3):
 PSYoungGen      total 11264K, used 11071K [0x00000000d5580000, 0x00000000d6280000, 0x0000000100000000)
  eden space 10240K, 99% used [0x00000000d5580000,0x00000000d5f7ffb8,0x00000000d5f80000)
  from space 1024K, 81% used [0x00000000d5f80000,0x00000000d6050000,0x00000000d6080000)
  to   space 1536K, 0% used [0x00000000d6100000,0x00000000d6100000,0x00000000d6280000)
 ParOldGen       total 84992K, used 84715K [0x0000000080000000, 0x0000000085300000, 0x00000000d5580000)
  object space 84992K, 99% used [0x0000000080000000,0x00000000852bad78,0x0000000085300000)
 Metaspace       used 69248K, committed 70784K, reserved 1114112K
  class space    used 7401K, committed 8064K, reserved 1048576K
}
Event: 351.220 GC heap after
{Heap after GC invocations=105 (full 3):
 PSYoungGen      total 11264K, used 608K [0x00000000d5580000, 0x00000000d6200000, 0x0000000100000000)
  eden space 10240K, 0% used [0x00000000d5580000,0x00000000d5580000,0x00000000d5f80000)
  from space 1024K, 59% used [0x00000000d6100000,0x00000000d6198000,0x00000000d6200000)
  to   space 1024K, 0% used [0x00000000d5f80000,0x00000000d5f80000,0x00000000d6080000)
 ParOldGen       total 85504K, used 85251K [0x0000000080000000, 0x0000000085380000, 0x00000000d5580000)
  object space 85504K, 99% used [0x0000000080000000,0x0000000085340d78,0x0000000085380000)
 Metaspace       used 69248K, committed 70784K, reserved 1114112K
  class space    used 7401K, committed 8064K, reserved 1048576K
}
Event: 351.309 GC heap before
{Heap before GC invocations=106 (full 3):
 PSYoungGen      total 11264K, used 10848K [0x00000000d5580000, 0x00000000d6200000, 0x0000000100000000)
  eden space 10240K, 100% used [0x00000000d5580000,0x00000000d5f80000,0x00000000d5f80000)
  from space 1024K, 59% used [0x00000000d6100000,0x00000000d6198000,0x00000000d6200000)
  to   space 1024K, 0% used [0x00000000d5f80000,0x00000000d5f80000,0x00000000d6080000)
 ParOldGen       total 85504K, used 85251K [0x0000000080000000, 0x0000000085380000, 0x00000000d5580000)
  object space 85504K, 99% used [0x0000000080000000,0x0000000085340d78,0x0000000085380000)
 Metaspace       used 69279K, committed 70784K, reserved 1114112K
  class space    used 7404K, committed 8064K, reserved 1048576K
}
Event: 351.312 GC heap after
{Heap after GC invocations=106 (full 3):
 PSYoungGen      total 11264K, used 1024K [0x00000000d5580000, 0x00000000d6280000, 0x0000000100000000)
  eden space 10240K, 0% used [0x00000000d5580000,0x00000000d5580000,0x00000000d5f80000)
  from space 1024K, 100% used [0x00000000d5f80000,0x00000000d6080000,0x00000000d6080000)
  to   space 1536K, 0% used [0x00000000d6100000,0x00000000d6100000,0x00000000d6280000)
 ParOldGen       total 86016K, used 85691K [0x0000000080000000, 0x0000000085400000, 0x00000000d5580000)
  object space 86016K, 99% used [0x0000000080000000,0x00000000853aed78,0x0000000085400000)
 Metaspace       used 69279K, committed 70784K, reserved 1114112K
  class space    used 7404K, committed 8064K, reserved 1048576K
}
Event: 351.383 GC heap before
{Heap before GC invocations=107 (full 3):
 PSYoungGen      total 11264K, used 11264K [0x00000000d5580000, 0x00000000d6280000, 0x0000000100000000)
  eden space 10240K, 100% used [0x00000000d5580000,0x00000000d5f80000,0x00000000d5f80000)
  from space 1024K, 100% used [0x00000000d5f80000,0x00000000d6080000,0x00000000d6080000)
  to   space 1536K, 0% used [0x00000000d6100000,0x00000000d6100000,0x00000000d6280000)
 ParOldGen       total 86016K, used 85691K [0x0000000080000000, 0x0000000085400000, 0x00000000d5580000)
  object space 86016K, 99% used [0x0000000080000000,0x00000000853aed78,0x0000000085400000)
 Metaspace       used 69300K, committed 70848K, reserved 1114112K
  class space    used 7404K, committed 8064K, reserved 1048576K
}
Event: 351.386 GC heap after
{Heap after GC invocations=107 (full 3):
 PSYoungGen      total 11776K, used 1184K [0x00000000d5580000, 0x00000000d6280000, 0x0000000100000000)
  eden space 10240K, 0% used [0x00000000d5580000,0x00000000d5580000,0x00000000d5f80000)
  from space 1536K, 77% used [0x00000000d6100000,0x00000000d6228000,0x00000000d6280000)
  to   space 1536K, 0% used [0x00000000d5f80000,0x00000000d5f80000,0x00000000d6100000)
 ParOldGen       total 86528K, used 86275K [0x0000000080000000, 0x0000000085480000, 0x00000000d5580000)
  object space 86528K, 99% used [0x0000000080000000,0x0000000085440d78,0x0000000085480000)
 Metaspace       used 69300K, committed 70848K, reserved 1114112K
  class space    used 7404K, committed 8064K, reserved 1048576K
}
Event: 351.444 GC heap before
{Heap before GC invocations=108 (full 3):
 PSYoungGen      total 11776K, used 11424K [0x00000000d5580000, 0x00000000d6280000, 0x0000000100000000)
  eden space 10240K, 100% used [0x00000000d5580000,0x00000000d5f80000,0x00000000d5f80000)
  from space 1536K, 77% used [0x00000000d6100000,0x00000000d6228000,0x00000000d6280000)
  to   space 1536K, 0% used [0x00000000d5f80000,0x00000000d5f80000,0x00000000d6100000)
 ParOldGen       total 86528K, used 86275K [0x0000000080000000, 0x0000000085480000, 0x00000000d5580000)
  object space 86528K, 99% used [0x0000000080000000,0x0000000085440d78,0x0000000085480000)
 Metaspace       used 69337K, committed 70848K, reserved 1114112K
  class space    used 7404K, committed 8064K, reserved 1048576K
}
Event: 351.447 GC heap after
{Heap after GC invocations=108 (full 3):
 PSYoungGen      total 11776K, used 992K [0x00000000d5580000, 0x00000000d6280000, 0x0000000100000000)
  eden space 10240K, 0% used [0x00000000d5580000,0x00000000d5580000,0x00000000d5f80000)
  from space 1536K, 64% used [0x00000000d5f80000,0x00000000d6078020,0x00000000d6100000)
  to   space 1536K, 0% used [0x00000000d6100000,0x00000000d6100000,0x00000000d6280000)
 ParOldGen       total 87040K, used 86907K [0x0000000080000000, 0x0000000085500000, 0x00000000d5580000)
  object space 87040K, 99% used [0x0000000080000000,0x00000000854ded78,0x0000000085500000)
 Metaspace       used 69337K, committed 70848K, reserved 1114112K
  class space    used 7404K, committed 8064K, reserved 1048576K
}
Event: 351.664 GC heap before
{Heap before GC invocations=109 (full 3):
 PSYoungGen      total 11776K, used 11232K [0x00000000d5580000, 0x00000000d6280000, 0x0000000100000000)
  eden space 10240K, 100% used [0x00000000d5580000,0x00000000d5f80000,0x00000000d5f80000)
  from space 1536K, 64% used [0x00000000d5f80000,0x00000000d6078020,0x00000000d6100000)
  to   space 1536K, 0% used [0x00000000d6100000,0x00000000d6100000,0x00000000d6280000)
 ParOldGen       total 87040K, used 86907K [0x0000000080000000, 0x0000000085500000, 0x00000000d5580000)
  object space 87040K, 99% used [0x0000000080000000,0x00000000854ded78,0x0000000085500000)
 Metaspace       used 69376K, committed 70976K, reserved 1114112K
  class space    used 7404K, committed 8064K, reserved 1048576K
}
Event: 351.668 GC heap after
{Heap after GC invocations=109 (full 3):
 PSYoungGen      total 11776K, used 1392K [0x00000000d5580000, 0x00000000d6280000, 0x0000000100000000)
  eden space 10240K, 0% used [0x00000000d5580000,0x00000000d5580000,0x00000000d5f80000)
  from space 1536K, 90% used [0x00000000d6100000,0x00000000d625c010,0x00000000d6280000)
  to   space 1536K, 0% used [0x00000000d5f80000,0x00000000d5f80000,0x00000000d6100000)
 ParOldGen       total 87552K, used 87515K [0x0000000080000000, 0x0000000085580000, 0x00000000d5580000)
  object space 87552K, 99% used [0x0000000080000000,0x0000000085576d78,0x0000000085580000)
 Metaspace       used 69376K, committed 70976K, reserved 1114112K
  class space    used 7404K, committed 8064K, reserved 1048576K
}

